<?xml version="1.0" encoding="UTF-8"?>
<testng-results skipped="0" failed="0" total="1" passed="1">
  <reporter-output>
  </reporter-output>
  <suite name="Default suite" duration-ms="124714" started-at="2017-03-19T11:37:44Z" finished-at="2017-03-19T11:39:48Z">
    <groups>
    </groups>
    <test name="Default test" duration-ms="124714" started-at="2017-03-19T11:37:44Z" finished-at="2017-03-19T11:39:48Z">
      <class name="googleTest.GoogleTest">
        <test-method status="PASS" signature="googleTest()[pri:0, instance:googleTest.GoogleTest@ced1f5]" name="googleTest" duration-ms="124495" started-at="2017-03-19T17:07:44Z" finished-at="2017-03-19T17:09:48Z">
          <reporter-output>
          </reporter-output>
        </test-method> <!-- googleTest -->
      </class> <!-- googleTest.GoogleTest -->
    </test> <!-- Default test -->
  </suite> <!-- Default suite -->
</testng-results>
